<?xml version="1.0" encoding="UTF-8"?>
<!-- Generated by org.testng.reporters.JUnitXMLReporter -->
<testsuite hostname="DESKTOP-N72SF5G" ignored="0" name="Default test" tests="9" failures="0" timestamp="09 Mar 2021 13:30:39 GMT" time="6.429" errors="0">
  <testcase name="TC_001_getAccessToken" time="2.436" classname="ecomm.apitests.CreateOrderFlow"/>
  <testcase name="TC_002_getProductDetails" time="0.394" classname="ecomm.apitests.CreateOrderFlow"/>
  <testcase name="TC_003_CreateCart" time="0.55" classname="ecomm.apitests.CreateOrderFlow"/>
  <testcase name="TC_004_AddLineItemToCart" time="0.399" classname="ecomm.apitests.CreateOrderFlow"/>
  <testcase name="TC_005_AddDiscountToCart" time="0.35" classname="ecomm.apitests.CreateOrderFlow"/>
  <testcase name="TC_006_SetShippingAddress" time="0.901" classname="ecomm.apitests.CreateOrderFlow"/>
  <testcase name="TC_007_SetBillingAddress" time="0.293" classname="ecomm.apitests.CreateOrderFlow"/>
  <testcase name="TC_008_SetShippingMethod" time="0.302" classname="ecomm.apitests.CreateOrderFlow"/>
  <testcase name="TC_009_CreateAnOrder" time="0.247" classname="ecomm.apitests.CreateOrderFlow"/>
</testsuite> <!-- Default test -->
