<?xml version="1.0" encoding="UTF-8"?>
<!-- Generated by org.testng.reporters.JUnitXMLReporter -->
<testsuite hostname="DESKTOP-N72SF5G" ignored="0" name="Test" tests="10" failures="0" timestamp="10 Mar 2021 07:33:07 GMT" time="7.562" errors="0">
  <testcase name="TC_001_getAccessToken" time="3.14" classname="ecomm.apitests.CreateOrderFlow"/>
  <testcase name="TC_002_getProductDetails" time="0.395" classname="ecomm.apitests.CreateOrderFlow"/>
  <testcase name="TC_003_CreateCart" time="0.75" classname="ecomm.apitests.CreateOrderFlow"/>
  <testcase name="TC_004_AddLineItemToCart" time="0.429" classname="ecomm.apitests.CreateOrderFlow"/>
  <testcase name="TC_005_AddDiscountToCart" time="0.438" classname="ecomm.apitests.CreateOrderFlow"/>
  <testcase name="TC_006_SetShippingAddress" time="0.318" classname="ecomm.apitests.CreateOrderFlow"/>
  <testcase name="TC_007_SetBillingAddress" time="0.331" classname="ecomm.apitests.CreateOrderFlow"/>
  <testcase name="TC_008_SetShippingMethod" time="0.314" classname="ecomm.apitests.CreateOrderFlow"/>
  <testcase name="TC_009_CreateAnOrder" time="0.439" classname="ecomm.apitests.CreateOrderFlow"/>
  <testcase name="TC_010_GetAnOrder" time="0.284" classname="ecomm.apitests.CreateOrderFlow"/>
</testsuite> <!-- Test -->
