<?xml version="1.0" encoding="UTF-8"?>
<!-- Generated by org.testng.reporters.JUnitXMLReporter -->
<testsuite hostname="DESKTOP-N72SF5G" ignored="0" name="Test" tests="13" failures="0" timestamp="09 Apr 2021 12:01:10 GMT" time="18.441" errors="0">
  <testcase name="TC_001_getAccessToken" time="3.737" classname="ecomm.apitests.CreateOrderFlow"/>
  <testcase name="TC_002_getProductDetails" time="0.515" classname="ecomm.apitests.CreateOrderFlow"/>
  <testcase name="TC_003_CreateCart" time="2.333" classname="ecomm.apitests.CreateOrderFlow"/>
  <testcase name="TC_004_AddLineItemToCart" time="1.153" classname="ecomm.apitests.CreateOrderFlow"/>
  <testcase name="TC_005_AddDiscountToCart" time="0.594" classname="ecomm.apitests.CreateOrderFlow"/>
  <testcase name="TC_006_SetShippingAddress" time="1.784" classname="ecomm.apitests.CreateOrderFlow"/>
  <testcase name="TC_007_SetBillingAddress" time="0.946" classname="ecomm.apitests.CreateOrderFlow"/>
  <testcase name="TC_008_SetShippingMethod" time="0.995" classname="ecomm.apitests.CreateOrderFlow"/>
  <testcase name="TC_009_SetShippingMethodTaxAmount" time="1.003" classname="ecomm.apitests.CreateOrderFlow"/>
  <testcase name="TC_010_CreatePayment" time="2.837" classname="ecomm.apitests.CreateOrderFlow"/>
  <testcase name="TC_011_addCarttopayment" time="0.925" classname="ecomm.apitests.CreateOrderFlow"/>
  <testcase name="TC_012_CreateAnOrder" time="0.442" classname="ecomm.apitests.CreateOrderFlow"/>
  <testcase name="TC_013_GetAnOrder" time="0.268" classname="ecomm.apitests.CreateOrderFlow"/>
</testsuite> <!-- Test -->
