<?xml version="1.0" encoding="UTF-8"?>
<testng-results skipped="0" failed="0" ignored="0" total="13" passed="13">
  <reporter-output>
  </reporter-output>
  <suite name="Suite" duration-ms="18441" started-at="2021-04-09T12:00:51Z" finished-at="2021-04-09T12:01:10Z">
    <groups>
    </groups>
    <test name="Test" duration-ms="18441" started-at="2021-04-09T12:00:51Z" finished-at="2021-04-09T12:01:10Z">
      <class name="ecomm.apitests.CreateOrderFlow">
        <test-method status="PASS" signature="initBaseConfig()[pri:0, instance:ecomm.apitests.CreateOrderFlow@3fee9989]" name="initBaseConfig" is-config="true" duration-ms="200" started-at="2021-04-09T12:00:51Z" finished-at="2021-04-09T12:00:51Z">
          <reporter-output>
          </reporter-output>
        </test-method> <!-- initBaseConfig -->
        <test-method status="PASS" signature="TC_001_getAccessToken()[pri:1, instance:ecomm.apitests.CreateOrderFlow@3fee9989]" name="TC_001_getAccessToken" duration-ms="3737" started-at="2021-04-09T12:00:51Z" finished-at="2021-04-09T12:00:55Z">
          <reporter-output>
          </reporter-output>
        </test-method> <!-- TC_001_getAccessToken -->
        <test-method status="PASS" signature="teardown(org.testng.ITestResult)[pri:0, instance:ecomm.apitests.CreateOrderFlow@3fee9989]" name="teardown" is-config="true" duration-ms="477" started-at="2021-04-09T12:00:55Z" finished-at="2021-04-09T12:00:55Z">
          <params>
            <param index="0">
              <value>
                <![CDATA[[TestResult name=TC_001_getAccessToken status=SUCCESS method=CreateOrderFlow.TC_001_getAccessToken()[pri:1, instance:ecomm.apitests.CreateOrderFlow@3fee9989] output={null}]]]>
              </value>
            </param>
          </params>
          <reporter-output>
          </reporter-output>
        </test-method> <!-- teardown -->
        <test-method status="PASS" signature="TC_002_getProductDetails()[pri:2, instance:ecomm.apitests.CreateOrderFlow@3fee9989]" name="TC_002_getProductDetails" duration-ms="515" started-at="2021-04-09T12:00:55Z" finished-at="2021-04-09T12:00:56Z">
          <reporter-output>
          </reporter-output>
        </test-method> <!-- TC_002_getProductDetails -->
        <test-method status="PASS" signature="teardown(org.testng.ITestResult)[pri:0, instance:ecomm.apitests.CreateOrderFlow@3fee9989]" name="teardown" is-config="true" duration-ms="81" started-at="2021-04-09T12:00:56Z" finished-at="2021-04-09T12:00:56Z">
          <params>
            <param index="0">
              <value>
                <![CDATA[[TestResult name=TC_002_getProductDetails status=SUCCESS method=CreateOrderFlow.TC_002_getProductDetails()[pri:2, instance:ecomm.apitests.CreateOrderFlow@3fee9989] output={null}]]]>
              </value>
            </param>
          </params>
          <reporter-output>
          </reporter-output>
        </test-method> <!-- teardown -->
        <test-method status="PASS" signature="TC_003_CreateCart()[pri:3, instance:ecomm.apitests.CreateOrderFlow@3fee9989]" name="TC_003_CreateCart" duration-ms="2333" started-at="2021-04-09T12:00:56Z" finished-at="2021-04-09T12:00:58Z">
          <reporter-output>
          </reporter-output>
        </test-method> <!-- TC_003_CreateCart -->
        <test-method status="PASS" signature="teardown(org.testng.ITestResult)[pri:0, instance:ecomm.apitests.CreateOrderFlow@3fee9989]" name="teardown" is-config="true" duration-ms="37" started-at="2021-04-09T12:00:58Z" finished-at="2021-04-09T12:00:58Z">
          <params>
            <param index="0">
              <value>
                <![CDATA[[TestResult name=TC_003_CreateCart status=SUCCESS method=CreateOrderFlow.TC_003_CreateCart()[pri:3, instance:ecomm.apitests.CreateOrderFlow@3fee9989] output={null}]]]>
              </value>
            </param>
          </params>
          <reporter-output>
          </reporter-output>
        </test-method> <!-- teardown -->
        <test-method status="PASS" signature="TC_004_AddLineItemToCart()[pri:4, instance:ecomm.apitests.CreateOrderFlow@3fee9989]" name="TC_004_AddLineItemToCart" duration-ms="1153" started-at="2021-04-09T12:00:58Z" finished-at="2021-04-09T12:01:00Z">
          <reporter-output>
          </reporter-output>
        </test-method> <!-- TC_004_AddLineItemToCart -->
        <test-method status="PASS" signature="teardown(org.testng.ITestResult)[pri:0, instance:ecomm.apitests.CreateOrderFlow@3fee9989]" name="teardown" is-config="true" duration-ms="28" started-at="2021-04-09T12:01:00Z" finished-at="2021-04-09T12:01:00Z">
          <params>
            <param index="0">
              <value>
                <![CDATA[[TestResult name=TC_004_AddLineItemToCart status=SUCCESS method=CreateOrderFlow.TC_004_AddLineItemToCart()[pri:4, instance:ecomm.apitests.CreateOrderFlow@3fee9989] output={null}]]]>
              </value>
            </param>
          </params>
          <reporter-output>
          </reporter-output>
        </test-method> <!-- teardown -->
        <test-method status="PASS" signature="TC_005_AddDiscountToCart()[pri:5, instance:ecomm.apitests.CreateOrderFlow@3fee9989]" name="TC_005_AddDiscountToCart" duration-ms="594" started-at="2021-04-09T12:01:00Z" finished-at="2021-04-09T12:01:00Z">
          <reporter-output>
          </reporter-output>
        </test-method> <!-- TC_005_AddDiscountToCart -->
        <test-method status="PASS" signature="teardown(org.testng.ITestResult)[pri:0, instance:ecomm.apitests.CreateOrderFlow@3fee9989]" name="teardown" is-config="true" duration-ms="25" started-at="2021-04-09T12:01:00Z" finished-at="2021-04-09T12:01:00Z">
          <params>
            <param index="0">
              <value>
                <![CDATA[[TestResult name=TC_005_AddDiscountToCart status=SUCCESS method=CreateOrderFlow.TC_005_AddDiscountToCart()[pri:5, instance:ecomm.apitests.CreateOrderFlow@3fee9989] output={null}]]]>
              </value>
            </param>
          </params>
          <reporter-output>
          </reporter-output>
        </test-method> <!-- teardown -->
        <test-method status="PASS" signature="TC_006_SetShippingAddress()[pri:6, instance:ecomm.apitests.CreateOrderFlow@3fee9989]" name="TC_006_SetShippingAddress" duration-ms="1784" started-at="2021-04-09T12:01:00Z" finished-at="2021-04-09T12:01:02Z">
          <reporter-output>
          </reporter-output>
        </test-method> <!-- TC_006_SetShippingAddress -->
        <test-method status="PASS" signature="teardown(org.testng.ITestResult)[pri:0, instance:ecomm.apitests.CreateOrderFlow@3fee9989]" name="teardown" is-config="true" duration-ms="29" started-at="2021-04-09T12:01:02Z" finished-at="2021-04-09T12:01:02Z">
          <params>
            <param index="0">
              <value>
                <![CDATA[[TestResult name=TC_006_SetShippingAddress status=SUCCESS method=CreateOrderFlow.TC_006_SetShippingAddress()[pri:6, instance:ecomm.apitests.CreateOrderFlow@3fee9989] output={null}]]]>
              </value>
            </param>
          </params>
          <reporter-output>
          </reporter-output>
        </test-method> <!-- teardown -->
        <test-method status="PASS" signature="TC_007_SetBillingAddress()[pri:7, instance:ecomm.apitests.CreateOrderFlow@3fee9989]" name="TC_007_SetBillingAddress" duration-ms="946" started-at="2021-04-09T12:01:02Z" finished-at="2021-04-09T12:01:03Z">
          <reporter-output>
          </reporter-output>
        </test-method> <!-- TC_007_SetBillingAddress -->
        <test-method status="PASS" signature="teardown(org.testng.ITestResult)[pri:0, instance:ecomm.apitests.CreateOrderFlow@3fee9989]" name="teardown" is-config="true" duration-ms="33" started-at="2021-04-09T12:01:03Z" finished-at="2021-04-09T12:01:03Z">
          <params>
            <param index="0">
              <value>
                <![CDATA[[TestResult name=TC_007_SetBillingAddress status=SUCCESS method=CreateOrderFlow.TC_007_SetBillingAddress()[pri:7, instance:ecomm.apitests.CreateOrderFlow@3fee9989] output={null}]]]>
              </value>
            </param>
          </params>
          <reporter-output>
          </reporter-output>
        </test-method> <!-- teardown -->
        <test-method status="PASS" signature="TC_008_SetShippingMethod()[pri:8, instance:ecomm.apitests.CreateOrderFlow@3fee9989]" name="TC_008_SetShippingMethod" duration-ms="995" started-at="2021-04-09T12:01:03Z" finished-at="2021-04-09T12:01:04Z">
          <reporter-output>
          </reporter-output>
        </test-method> <!-- TC_008_SetShippingMethod -->
        <test-method status="PASS" signature="teardown(org.testng.ITestResult)[pri:0, instance:ecomm.apitests.CreateOrderFlow@3fee9989]" name="teardown" is-config="true" duration-ms="25" started-at="2021-04-09T12:01:04Z" finished-at="2021-04-09T12:01:04Z">
          <params>
            <param index="0">
              <value>
                <![CDATA[[TestResult name=TC_008_SetShippingMethod status=SUCCESS method=CreateOrderFlow.TC_008_SetShippingMethod()[pri:8, instance:ecomm.apitests.CreateOrderFlow@3fee9989] output={null}]]]>
              </value>
            </param>
          </params>
          <reporter-output>
          </reporter-output>
        </test-method> <!-- teardown -->
        <test-method status="PASS" signature="TC_009_SetShippingMethodTaxAmount()[pri:9, instance:ecomm.apitests.CreateOrderFlow@3fee9989]" name="TC_009_SetShippingMethodTaxAmount" duration-ms="1003" started-at="2021-04-09T12:01:04Z" finished-at="2021-04-09T12:01:05Z">
          <reporter-output>
          </reporter-output>
        </test-method> <!-- TC_009_SetShippingMethodTaxAmount -->
        <test-method status="PASS" signature="teardown(org.testng.ITestResult)[pri:0, instance:ecomm.apitests.CreateOrderFlow@3fee9989]" name="teardown" is-config="true" duration-ms="23" started-at="2021-04-09T12:01:05Z" finished-at="2021-04-09T12:01:05Z">
          <params>
            <param index="0">
              <value>
                <![CDATA[[TestResult name=TC_009_SetShippingMethodTaxAmount status=SUCCESS method=CreateOrderFlow.TC_009_SetShippingMethodTaxAmount()[pri:9, instance:ecomm.apitests.CreateOrderFlow@3fee9989] output={null}]]]>
              </value>
            </param>
          </params>
          <reporter-output>
          </reporter-output>
        </test-method> <!-- teardown -->
        <test-method status="PASS" signature="TC_010_CreatePayment()[pri:10, instance:ecomm.apitests.CreateOrderFlow@3fee9989]" name="TC_010_CreatePayment" duration-ms="2837" started-at="2021-04-09T12:01:05Z" finished-at="2021-04-09T12:01:08Z">
          <reporter-output>
          </reporter-output>
        </test-method> <!-- TC_010_CreatePayment -->
        <test-method status="PASS" signature="teardown(org.testng.ITestResult)[pri:0, instance:ecomm.apitests.CreateOrderFlow@3fee9989]" name="teardown" is-config="true" duration-ms="23" started-at="2021-04-09T12:01:08Z" finished-at="2021-04-09T12:01:08Z">
          <params>
            <param index="0">
              <value>
                <![CDATA[[TestResult name=TC_010_CreatePayment status=SUCCESS method=CreateOrderFlow.TC_010_CreatePayment()[pri:10, instance:ecomm.apitests.CreateOrderFlow@3fee9989] output={null}]]]>
              </value>
            </param>
          </params>
          <reporter-output>
          </reporter-output>
        </test-method> <!-- teardown -->
        <test-method status="PASS" signature="TC_011_addCarttopayment()[pri:11, instance:ecomm.apitests.CreateOrderFlow@3fee9989]" name="TC_011_addCarttopayment" duration-ms="925" started-at="2021-04-09T12:01:08Z" finished-at="2021-04-09T12:01:09Z">
          <reporter-output>
          </reporter-output>
        </test-method> <!-- TC_011_addCarttopayment -->
        <test-method status="PASS" signature="teardown(org.testng.ITestResult)[pri:0, instance:ecomm.apitests.CreateOrderFlow@3fee9989]" name="teardown" is-config="true" duration-ms="31" started-at="2021-04-09T12:01:09Z" finished-at="2021-04-09T12:01:09Z">
          <params>
            <param index="0">
              <value>
                <![CDATA[[TestResult name=TC_011_addCarttopayment status=SUCCESS method=CreateOrderFlow.TC_011_addCarttopayment()[pri:11, instance:ecomm.apitests.CreateOrderFlow@3fee9989] output={null}]]]>
              </value>
            </param>
          </params>
          <reporter-output>
          </reporter-output>
        </test-method> <!-- teardown -->
        <test-method status="PASS" signature="TC_012_CreateAnOrder()[pri:12, instance:ecomm.apitests.CreateOrderFlow@3fee9989]" name="TC_012_CreateAnOrder" duration-ms="442" started-at="2021-04-09T12:01:09Z" finished-at="2021-04-09T12:01:09Z">
          <reporter-output>
          </reporter-output>
        </test-method> <!-- TC_012_CreateAnOrder -->
        <test-method status="PASS" signature="teardown(org.testng.ITestResult)[pri:0, instance:ecomm.apitests.CreateOrderFlow@3fee9989]" name="teardown" is-config="true" duration-ms="34" started-at="2021-04-09T12:01:09Z" finished-at="2021-04-09T12:01:09Z">
          <params>
            <param index="0">
              <value>
                <![CDATA[[TestResult name=TC_012_CreateAnOrder status=SUCCESS method=CreateOrderFlow.TC_012_CreateAnOrder()[pri:12, instance:ecomm.apitests.CreateOrderFlow@3fee9989] output={null}]]]>
              </value>
            </param>
          </params>
          <reporter-output>
          </reporter-output>
        </test-method> <!-- teardown -->
        <test-method status="PASS" signature="TC_013_GetAnOrder()[pri:13, instance:ecomm.apitests.CreateOrderFlow@3fee9989]" name="TC_013_GetAnOrder" duration-ms="268" started-at="2021-04-09T12:01:09Z" finished-at="2021-04-09T12:01:10Z">
          <reporter-output>
          </reporter-output>
        </test-method> <!-- TC_013_GetAnOrder -->
        <test-method status="PASS" signature="teardown(org.testng.ITestResult)[pri:0, instance:ecomm.apitests.CreateOrderFlow@3fee9989]" name="teardown" is-config="true" duration-ms="25" started-at="2021-04-09T12:01:10Z" finished-at="2021-04-09T12:01:10Z">
          <params>
            <param index="0">
              <value>
                <![CDATA[[TestResult name=TC_013_GetAnOrder status=SUCCESS method=CreateOrderFlow.TC_013_GetAnOrder()[pri:13, instance:ecomm.apitests.CreateOrderFlow@3fee9989] output={null}]]]>
              </value>
            </param>
          </params>
          <reporter-output>
          </reporter-output>
        </test-method> <!-- teardown -->
      </class> <!-- ecomm.apitests.CreateOrderFlow -->
    </test> <!-- Test -->
  </suite> <!-- Suite -->
</testng-results>
